<?xml version="1.0" encoding="UTF-8"?>
<!-- Generated by org.testng.reporters.JUnitReportReporter -->
<testsuite hostname="DESKTOP-FNEO4TL" failures="0" tests="1" name="Day_023_File_Upload_Download.TC03_FileUpload" time="52.817" errors="0" timestamp="2021-10-09T22:25:18 IST" skipped="0">
  <testcase classname="Day_023_File_Upload_Download.TC03_FileUpload" name="File_upload" time="52.817"/>
  <system-out/>
</testsuite> <!-- Day_023_File_Upload_Download.TC03_FileUpload -->
