<?xml version="1.0" encoding="UTF-8"?>
<!-- Generated by org.testng.reporters.JUnitReportReporter -->
<testsuite hostname="DESKTOP-FNEO4TL" failures="0" tests="1" name="Day_031_EventFiring_WebDriver.TC01_Web_Element_Border" time="14.810" errors="0" timestamp="2021-10-05T20:43:36 IST" skipped="0">
  <testcase classname="Day_031_EventFiring_WebDriver.TC01_Web_Element_Border" name="Login_Test" time="14.810"/>
  <system-out/>
</testsuite> <!-- Day_031_EventFiring_WebDriver.TC01_Web_Element_Border -->
