<?xml version="1.0" encoding="UTF-8"?>
<!-- Generated by org.testng.reporters.JUnitReportReporter -->
<testsuite hostname="DESKTOP-FNEO4TL" failures="0" tests="3" name="Day_006_TestNG_DataProvider_Lab2.TC03_Login_Static_Paarameters" time="61.704" errors="0" timestamp="2021-09-24T10:57:10 GMT-07:00" skipped="0">
  <testcase classname="Day_006_TestNG_DataProvider_Lab2.TC03_Login_Static_Paarameters" name="Login_Test" time="17.825"/>
  <system-out/>
  <testcase classname="Day_006_TestNG_DataProvider_Lab2.TC03_Login_Static_Paarameters" name="Login_Test" time="16.982"/>
  <system-out/>
  <testcase classname="Day_006_TestNG_DataProvider_Lab2.TC03_Login_Static_Paarameters" name="Login_Test" time="26.897"/>
  <system-out/>
</testsuite> <!-- Day_006_TestNG_DataProvider_Lab2.TC03_Login_Static_Paarameters -->
