<?xml version="1.0" encoding="UTF-8"?>
<!-- Generated by org.testng.reporters.JUnitReportReporter -->
<testsuite hostname="DESKTOP-FNEO4TL" failures="0" tests="1" name="AAA_DDD.TC01_id" time="24.510" errors="0" timestamp="2021-09-22T04:00:52 GMT-07:00" skipped="0">
  <testcase classname="AAA_DDD.TC01_id" name="Test2" time="24.510"/>
  <system-out/>
</testsuite> <!-- AAA_DDD.TC01_id -->
