<?xml version="1.0" encoding="UTF-8"?>
<!-- Generated by org.testng.reporters.JUnitReportReporter -->
<testsuite hostname="DESKTOP-FNEO4TL" failures="0" tests="1" name="AAA_Day1.NewTest" time="11.682" errors="0" timestamp="2021-09-25T10:43:55 IST" skipped="0">
  <testcase classname="AAA_Day1.NewTest" name="LoginTest" time="11.682"/>
  <system-out/>
</testsuite> <!-- AAA_Day1.NewTest -->
