<?xml version="1.0" encoding="UTF-8"?>
<!-- Generated by org.testng.reporters.JUnitReportReporter -->
<testsuite hostname="DESKTOP-FNEO4TL" failures="0" tests="1" name="Day_029_PageObjectModel.TC01_Add_Employee" time="6.373" errors="0" timestamp="2021-10-09T22:16:22 IST" skipped="0">
  <testcase classname="Day_029_PageObjectModel.TC01_Add_Employee" name="Book_OneWay_Flight" time="6.373"/>
  <system-out/>
</testsuite> <!-- Day_029_PageObjectModel.TC01_Add_Employee -->
