<?xml version="1.0" encoding="UTF-8"?>
<!-- Generated by org.testng.reporters.JUnitReportReporter -->
<testsuite hostname="DESKTOP-FNEO4TL" failures="0" tests="1" name="Day_030_Page_Factory.TC01_Add_Nationalities" time="9.874" errors="0" timestamp="2021-10-09T22:17:05 IST" skipped="0">
  <testcase classname="Day_030_Page_Factory.TC01_Add_Nationalities" name="Book_OneWay_Flight" time="9.874"/>
  <system-out/>
</testsuite> <!-- Day_030_Page_Factory.TC01_Add_Nationalities -->
