<?xml version="1.0" encoding="UTF-8"?>
<!-- Generated by org.testng.reporters.JUnitReportReporter -->
<testsuite hostname="DESKTOP-FNEO4TL" failures="0" tests="1" name="Day_004_Dropdown.Listbox2" time="60.021" errors="0" timestamp="2021-09-21T22:40:46 GMT-07:00" skipped="0">
  <testcase classname="Day_004_Dropdown.Listbox2" name="Test1" time="60.021"/>
  <system-out/>
</testsuite> <!-- Day_004_Dropdown.Listbox2 -->
