<?xml version="1.0" encoding="UTF-8"?>
<!-- Generated by org.testng.reporters.JUnitReportReporter -->
<testsuite hostname="DESKTOP-FNEO4TL" failures="0" tests="1" name="Day_007_TestNG_DataProvider_Lab3.TC02_Login_NonStatic_Paarameters" time="0.000" errors="0" timestamp="2021-09-24T10:42:40 GMT-07:00" skipped="1">
  <testcase classname="Day_007_TestNG_DataProvider_Lab3.TC02_Login_NonStatic_Paarameters" name="Login_Test" time="0.000">
    <skipped/>
  </testcase> <!-- Login_Test -->
  <system-out/>
</testsuite> <!-- Day_007_TestNG_DataProvider_Lab3.TC02_Login_NonStatic_Paarameters -->
