<?xml version="1.0" encoding="UTF-8"?>
<!-- Generated by org.testng.reporters.JUnitReportReporter -->
<testsuite hostname="DESKTOP-FNEO4TL" failures="0" tests="2" name="Day_012_TestNG_Paraneters.TC02_Login_Static_Paarameters2" time="67.205" errors="0" timestamp="2021-09-28T16:49:19 IST" skipped="0">
  <testcase classname="Day_012_TestNG_Paraneters.TC02_Login_Static_Paarameters2" name="Login_Test" time="44.185"/>
  <system-out/>
  <testcase classname="Day_012_TestNG_Paraneters.TC02_Login_Static_Paarameters2" name="Login_Test" time="23.020"/>
  <system-out/>
</testsuite> <!-- Day_012_TestNG_Paraneters.TC02_Login_Static_Paarameters2 -->
